[2022-02-25 03:20:43,122] {taskinstance.py:1037} INFO - Dependencies all met for <TaskInstance: Spotify_Song_dag.sheet_run scheduled__2022-02-25T03:20:06.690922+00:00 [queued]>
[2022-02-25 03:20:43,141] {taskinstance.py:1037} INFO - Dependencies all met for <TaskInstance: Spotify_Song_dag.sheet_run scheduled__2022-02-25T03:20:06.690922+00:00 [queued]>
[2022-02-25 03:20:43,141] {taskinstance.py:1243} INFO - 
--------------------------------------------------------------------------------
[2022-02-25 03:20:43,141] {taskinstance.py:1244} INFO - Starting attempt 1 of 2
[2022-02-25 03:20:43,141] {taskinstance.py:1245} INFO - 
--------------------------------------------------------------------------------
[2022-02-25 03:20:43,187] {taskinstance.py:1264} INFO - Executing <Task(PythonOperator): sheet_run> on 2022-02-25 03:20:06.690922+00:00
[2022-02-25 03:20:43,199] {standard_task_runner.py:52} INFO - Started process 11714 to run task
[2022-02-25 03:20:43,202] {standard_task_runner.py:76} INFO - Running: ['airflow', 'tasks', 'run', 'Spotify_Song_dag', 'sheet_run', 'scheduled__2022-02-25T03:20:06.690922+00:00', '--job-id', '36', '--raw', '--subdir', 'DAGS_FOLDER/spotify_check_dag.py', '--cfg-path', '/var/folders/nx/v6d0bskn22s742wqx2vwc_rm0000gn/T/tmpy4w7pu6p', '--error-file', '/var/folders/nx/v6d0bskn22s742wqx2vwc_rm0000gn/T/tmp28t9lcxt']
[2022-02-25 03:20:43,205] {standard_task_runner.py:77} INFO - Job 36: Subtask sheet_run
[2022-02-25 03:20:43,282] {logging_mixin.py:109} INFO - Running <TaskInstance: Spotify_Song_dag.sheet_run scheduled__2022-02-25T03:20:06.690922+00:00 [running]> on host Anurags-MacBook-Pro.local
[2022-02-25 03:20:43,354] {taskinstance.py:1429} INFO - Exporting the following env vars:
AIRFLOW_CTX_DAG_EMAIL=airflow@example.com
AIRFLOW_CTX_DAG_OWNER=airflow
AIRFLOW_CTX_DAG_ID=Spotify_Song_dag
AIRFLOW_CTX_TASK_ID=sheet_run
AIRFLOW_CTX_EXECUTION_DATE=2022-02-25T03:20:06.690922+00:00
AIRFLOW_CTX_DAG_RUN_ID=scheduled__2022-02-25T03:20:06.690922+00:00
[2022-02-25 03:20:43,400] {__init__.py:49} INFO - file_cache is only supported with oauth2client<4.0.0
[2022-02-25 03:20:44,602] {python.py:175} INFO - Done. Returned value was: {'spreadsheetId': '1bdPEicAieaus4AWU92_Ry11f4XMiYJSncJiWh42bd28', 'updatedRange': 'spotify!A2:C21', 'updatedRows': 20, 'updatedColumns': 3, 'updatedCells': 60}
[2022-02-25 03:20:44,625] {taskinstance.py:1272} INFO - Marking task as SUCCESS. dag_id=Spotify_Song_dag, task_id=sheet_run, execution_date=20220225T032006, start_date=20220225T032043, end_date=20220225T032044
[2022-02-25 03:20:44,688] {local_task_job.py:154} INFO - Task exited with return code 0
[2022-02-25 03:20:44,723] {local_task_job.py:264} INFO - 0 downstream tasks scheduled from follow-on schedule check
