[2022-02-25 03:37:05,500] {taskinstance.py:1037} INFO - Dependencies all met for <TaskInstance: Spotify_Song_dag.sheet_run scheduled__2022-02-25T03:36:10.237820+00:00 [queued]>
[2022-02-25 03:37:05,509] {taskinstance.py:1037} INFO - Dependencies all met for <TaskInstance: Spotify_Song_dag.sheet_run scheduled__2022-02-25T03:36:10.237820+00:00 [queued]>
[2022-02-25 03:37:05,509] {taskinstance.py:1243} INFO - 
--------------------------------------------------------------------------------
[2022-02-25 03:37:05,510] {taskinstance.py:1244} INFO - Starting attempt 1 of 2
[2022-02-25 03:37:05,510] {taskinstance.py:1245} INFO - 
--------------------------------------------------------------------------------
[2022-02-25 03:37:05,530] {taskinstance.py:1264} INFO - Executing <Task(PythonOperator): sheet_run> on 2022-02-25 03:36:10.237820+00:00
[2022-02-25 03:37:05,540] {standard_task_runner.py:52} INFO - Started process 12203 to run task
[2022-02-25 03:37:05,542] {standard_task_runner.py:76} INFO - Running: ['airflow', 'tasks', 'run', 'Spotify_Song_dag', 'sheet_run', 'scheduled__2022-02-25T03:36:10.237820+00:00', '--job-id', '117', '--raw', '--subdir', 'DAGS_FOLDER/spotify_check_dag.py', '--cfg-path', '/var/folders/nx/v6d0bskn22s742wqx2vwc_rm0000gn/T/tmpik3puhjm', '--error-file', '/var/folders/nx/v6d0bskn22s742wqx2vwc_rm0000gn/T/tmpzjvix8ly']
[2022-02-25 03:37:05,545] {standard_task_runner.py:77} INFO - Job 117: Subtask sheet_run
[2022-02-25 03:37:05,610] {logging_mixin.py:109} INFO - Running <TaskInstance: Spotify_Song_dag.sheet_run scheduled__2022-02-25T03:36:10.237820+00:00 [running]> on host 1.0.0.127.in-addr.arpa
[2022-02-25 03:37:05,664] {logging_mixin.py:109} WARNING - /Users/user/oneplace/opVM/lib/python3.9/site-packages/sqlalchemy/sql/coercions.py:510 SAWarning: Coercing Subquery object into a select() for use in IN(); please pass a select() construct explicitly
[2022-02-25 03:37:05,673] {taskinstance.py:1429} INFO - Exporting the following env vars:
AIRFLOW_CTX_DAG_EMAIL=airflow@example.com
AIRFLOW_CTX_DAG_OWNER=airflow
AIRFLOW_CTX_DAG_ID=Spotify_Song_dag
AIRFLOW_CTX_TASK_ID=sheet_run
AIRFLOW_CTX_EXECUTION_DATE=2022-02-25T03:36:10.237820+00:00
AIRFLOW_CTX_DAG_RUN_ID=scheduled__2022-02-25T03:36:10.237820+00:00
[2022-02-25 03:37:05,693] {__init__.py:49} INFO - file_cache is only supported with oauth2client<4.0.0
[2022-02-25 03:37:06,886] {python.py:175} INFO - Done. Returned value was: {'spreadsheetId': '1bdPEicAieaus4AWU92_Ry11f4XMiYJSncJiWh42bd28', 'updatedRange': 'spotify!A2:C63', 'updatedRows': 62, 'updatedColumns': 3, 'updatedCells': 186}
[2022-02-25 03:37:06,922] {taskinstance.py:1272} INFO - Marking task as SUCCESS. dag_id=Spotify_Song_dag, task_id=sheet_run, execution_date=20220225T033610, start_date=20220225T033705, end_date=20220225T033706
[2022-02-25 03:37:06,971] {local_task_job.py:154} INFO - Task exited with return code 0
[2022-02-25 03:37:07,009] {local_task_job.py:264} INFO - 0 downstream tasks scheduled from follow-on schedule check
[2022-02-25 03:37:07,013] {logging_mixin.py:109} WARNING - /Users/user/oneplace/opVM/lib/python3.9/site-packages/airflow/models/dag.py:1079 SADeprecationWarning: Query.value() is deprecated and will be removed in a future release.  Please use Query.with_entities() in combination with Query.scalar() (deprecated since: 1.4)
