[2022-02-25 03:43:37,438] {taskinstance.py:1037} INFO - Dependencies all met for <TaskInstance: Spotify_Song_dag.sheet_run scheduled__2022-02-25T03:43:01.691870+00:00 [queued]>
[2022-02-25 03:43:37,449] {taskinstance.py:1037} INFO - Dependencies all met for <TaskInstance: Spotify_Song_dag.sheet_run scheduled__2022-02-25T03:43:01.691870+00:00 [queued]>
[2022-02-25 03:43:37,449] {taskinstance.py:1243} INFO - 
--------------------------------------------------------------------------------
[2022-02-25 03:43:37,449] {taskinstance.py:1244} INFO - Starting attempt 1 of 2
[2022-02-25 03:43:37,449] {taskinstance.py:1245} INFO - 
--------------------------------------------------------------------------------
[2022-02-25 03:43:37,475] {taskinstance.py:1264} INFO - Executing <Task(PythonOperator): sheet_run> on 2022-02-25 03:43:01.691870+00:00
[2022-02-25 03:43:37,478] {standard_task_runner.py:52} INFO - Started process 12352 to run task
[2022-02-25 03:43:37,485] {standard_task_runner.py:76} INFO - Running: ['airflow', 'tasks', 'run', 'Spotify_Song_dag', 'sheet_run', 'scheduled__2022-02-25T03:43:01.691870+00:00', '--job-id', '147', '--raw', '--subdir', 'DAGS_FOLDER/spotify_check_dag.py', '--cfg-path', '/var/folders/nx/v6d0bskn22s742wqx2vwc_rm0000gn/T/tmpb28rzsgu', '--error-file', '/var/folders/nx/v6d0bskn22s742wqx2vwc_rm0000gn/T/tmpog63tssu']
[2022-02-25 03:43:37,488] {standard_task_runner.py:77} INFO - Job 147: Subtask sheet_run
[2022-02-25 03:43:37,545] {logging_mixin.py:109} INFO - Running <TaskInstance: Spotify_Song_dag.sheet_run scheduled__2022-02-25T03:43:01.691870+00:00 [running]> on host Anurags-MacBook-Pro.local
[2022-02-25 03:43:37,605] {logging_mixin.py:109} WARNING - /Users/user/oneplace/opVM/lib/python3.9/site-packages/sqlalchemy/sql/coercions.py:510 SAWarning: Coercing Subquery object into a select() for use in IN(); please pass a select() construct explicitly
[2022-02-25 03:43:37,614] {taskinstance.py:1429} INFO - Exporting the following env vars:
AIRFLOW_CTX_DAG_EMAIL=airflow@example.com
AIRFLOW_CTX_DAG_OWNER=airflow
AIRFLOW_CTX_DAG_ID=Spotify_Song_dag
AIRFLOW_CTX_TASK_ID=sheet_run
AIRFLOW_CTX_EXECUTION_DATE=2022-02-25T03:43:01.691870+00:00
AIRFLOW_CTX_DAG_RUN_ID=scheduled__2022-02-25T03:43:01.691870+00:00
[2022-02-25 03:43:37,635] {__init__.py:49} INFO - file_cache is only supported with oauth2client<4.0.0
[2022-02-25 03:43:38,769] {python.py:175} INFO - Done. Returned value was: {'spreadsheetId': '1bdPEicAieaus4AWU92_Ry11f4XMiYJSncJiWh42bd28', 'updatedRange': 'spotify!A2:C63', 'updatedRows': 62, 'updatedColumns': 3, 'updatedCells': 186}
[2022-02-25 03:43:38,812] {taskinstance.py:1272} INFO - Marking task as SUCCESS. dag_id=Spotify_Song_dag, task_id=sheet_run, execution_date=20220225T034301, start_date=20220225T034337, end_date=20220225T034338
[2022-02-25 03:43:38,857] {local_task_job.py:154} INFO - Task exited with return code 0
[2022-02-25 03:43:38,890] {local_task_job.py:264} INFO - 0 downstream tasks scheduled from follow-on schedule check
[2022-02-25 03:43:38,893] {logging_mixin.py:109} WARNING - /Users/user/oneplace/opVM/lib/python3.9/site-packages/airflow/models/dag.py:1079 SADeprecationWarning: Query.value() is deprecated and will be removed in a future release.  Please use Query.with_entities() in combination with Query.scalar() (deprecated since: 1.4)
