[2022-02-25 03:56:31,753] {taskinstance.py:1037} INFO - Dependencies all met for <TaskInstance: Spotify_Song_dag.sheet_run scheduled__2022-02-25T03:55:57.668704+00:00 [queued]>
[2022-02-25 03:56:31,763] {taskinstance.py:1037} INFO - Dependencies all met for <TaskInstance: Spotify_Song_dag.sheet_run scheduled__2022-02-25T03:55:57.668704+00:00 [queued]>
[2022-02-25 03:56:31,764] {taskinstance.py:1243} INFO - 
--------------------------------------------------------------------------------
[2022-02-25 03:56:31,764] {taskinstance.py:1244} INFO - Starting attempt 1 of 2
[2022-02-25 03:56:31,764] {taskinstance.py:1245} INFO - 
--------------------------------------------------------------------------------
[2022-02-25 03:56:31,801] {taskinstance.py:1264} INFO - Executing <Task(PythonOperator): sheet_run> on 2022-02-25 03:55:57.668704+00:00
[2022-02-25 03:56:31,809] {standard_task_runner.py:52} INFO - Started process 12496 to run task
[2022-02-25 03:56:31,816] {standard_task_runner.py:76} INFO - Running: ['airflow', 'tasks', 'run', 'Spotify_Song_dag', 'sheet_run', 'scheduled__2022-02-25T03:55:57.668704+00:00', '--job-id', '102', '--raw', '--subdir', 'DAGS_FOLDER/spotify_check_dag.py', '--cfg-path', '/var/folders/nx/v6d0bskn22s742wqx2vwc_rm0000gn/T/tmpiozcfj2u', '--error-file', '/var/folders/nx/v6d0bskn22s742wqx2vwc_rm0000gn/T/tmpy99lxqp1']
[2022-02-25 03:56:31,820] {standard_task_runner.py:77} INFO - Job 102: Subtask sheet_run
[2022-02-25 03:56:31,892] {logging_mixin.py:109} INFO - Running <TaskInstance: Spotify_Song_dag.sheet_run scheduled__2022-02-25T03:55:57.668704+00:00 [running]> on host Anurags-MacBook-Pro.local
[2022-02-25 03:56:31,986] {logging_mixin.py:109} WARNING - /Users/user/oneplace/opVM/lib/python3.9/site-packages/sqlalchemy/sql/coercions.py:510 SAWarning: Coercing Subquery object into a select() for use in IN(); please pass a select() construct explicitly
[2022-02-25 03:56:31,999] {taskinstance.py:1429} INFO - Exporting the following env vars:
AIRFLOW_CTX_DAG_EMAIL=airflow@example.com
AIRFLOW_CTX_DAG_OWNER=airflow
AIRFLOW_CTX_DAG_ID=Spotify_Song_dag
AIRFLOW_CTX_TASK_ID=sheet_run
AIRFLOW_CTX_EXECUTION_DATE=2022-02-25T03:55:57.668704+00:00
AIRFLOW_CTX_DAG_RUN_ID=scheduled__2022-02-25T03:55:57.668704+00:00
[2022-02-25 03:56:32,021] {__init__.py:49} INFO - file_cache is only supported with oauth2client<4.0.0
[2022-02-25 03:56:33,112] {python.py:175} INFO - Done. Returned value was: {'spreadsheetId': '1bdPEicAieaus4AWU92_Ry11f4XMiYJSncJiWh42bd28', 'updatedRange': 'spotify!A2:C63', 'updatedRows': 62, 'updatedColumns': 3, 'updatedCells': 186}
[2022-02-25 03:56:33,146] {taskinstance.py:1272} INFO - Marking task as SUCCESS. dag_id=Spotify_Song_dag, task_id=sheet_run, execution_date=20220225T035557, start_date=20220225T035631, end_date=20220225T035633
[2022-02-25 03:56:33,192] {local_task_job.py:154} INFO - Task exited with return code 0
[2022-02-25 03:56:33,235] {local_task_job.py:264} INFO - 0 downstream tasks scheduled from follow-on schedule check
[2022-02-25 03:56:33,239] {logging_mixin.py:109} WARNING - /Users/user/oneplace/opVM/lib/python3.9/site-packages/airflow/models/dag.py:1079 SADeprecationWarning: Query.value() is deprecated and will be removed in a future release.  Please use Query.with_entities() in combination with Query.scalar() (deprecated since: 1.4)
