[2022-02-25 03:38:58,109] {taskinstance.py:1037} INFO - Dependencies all met for <TaskInstance: Spotify_Song_dag.sheet_run scheduled__2022-02-25T03:37:59.365385+00:00 [queued]>
[2022-02-25 03:38:58,120] {taskinstance.py:1037} INFO - Dependencies all met for <TaskInstance: Spotify_Song_dag.sheet_run scheduled__2022-02-25T03:37:59.365385+00:00 [queued]>
[2022-02-25 03:38:58,120] {taskinstance.py:1243} INFO - 
--------------------------------------------------------------------------------
[2022-02-25 03:38:58,120] {taskinstance.py:1244} INFO - Starting attempt 1 of 2
[2022-02-25 03:38:58,120] {taskinstance.py:1245} INFO - 
--------------------------------------------------------------------------------
[2022-02-25 03:38:58,185] {taskinstance.py:1264} INFO - Executing <Task(PythonOperator): sheet_run> on 2022-02-25 03:37:59.365385+00:00
[2022-02-25 03:38:58,201] {standard_task_runner.py:76} INFO - Running: ['airflow', 'tasks', 'run', 'Spotify_Song_dag', 'sheet_run', 'scheduled__2022-02-25T03:37:59.365385+00:00', '--job-id', '129', '--raw', '--subdir', 'DAGS_FOLDER/spotify_check_dag.py', '--cfg-path', '/var/folders/nx/v6d0bskn22s742wqx2vwc_rm0000gn/T/tmpbld41ij7', '--error-file', '/var/folders/nx/v6d0bskn22s742wqx2vwc_rm0000gn/T/tmpbupegk23']
[2022-02-25 03:38:58,203] {standard_task_runner.py:77} INFO - Job 129: Subtask sheet_run
[2022-02-25 03:38:58,197] {standard_task_runner.py:52} INFO - Started process 12252 to run task
[2022-02-25 03:38:58,285] {logging_mixin.py:109} INFO - Running <TaskInstance: Spotify_Song_dag.sheet_run scheduled__2022-02-25T03:37:59.365385+00:00 [running]> on host Anurags-MacBook-Pro.local
[2022-02-25 03:38:58,349] {logging_mixin.py:109} WARNING - /Users/user/oneplace/opVM/lib/python3.9/site-packages/sqlalchemy/sql/coercions.py:510 SAWarning: Coercing Subquery object into a select() for use in IN(); please pass a select() construct explicitly
[2022-02-25 03:38:58,368] {taskinstance.py:1429} INFO - Exporting the following env vars:
AIRFLOW_CTX_DAG_EMAIL=airflow@example.com
AIRFLOW_CTX_DAG_OWNER=airflow
AIRFLOW_CTX_DAG_ID=Spotify_Song_dag
AIRFLOW_CTX_TASK_ID=sheet_run
AIRFLOW_CTX_EXECUTION_DATE=2022-02-25T03:37:59.365385+00:00
AIRFLOW_CTX_DAG_RUN_ID=scheduled__2022-02-25T03:37:59.365385+00:00
[2022-02-25 03:38:58,386] {__init__.py:49} INFO - file_cache is only supported with oauth2client<4.0.0
[2022-02-25 03:38:59,435] {python.py:175} INFO - Done. Returned value was: {'spreadsheetId': '1bdPEicAieaus4AWU92_Ry11f4XMiYJSncJiWh42bd28', 'updatedRange': 'spotify!A2:C63', 'updatedRows': 62, 'updatedColumns': 3, 'updatedCells': 186}
[2022-02-25 03:38:59,473] {taskinstance.py:1272} INFO - Marking task as SUCCESS. dag_id=Spotify_Song_dag, task_id=sheet_run, execution_date=20220225T033759, start_date=20220225T033858, end_date=20220225T033859
[2022-02-25 03:38:59,511] {local_task_job.py:154} INFO - Task exited with return code 0
[2022-02-25 03:38:59,542] {local_task_job.py:264} INFO - 0 downstream tasks scheduled from follow-on schedule check
[2022-02-25 03:38:59,545] {logging_mixin.py:109} WARNING - /Users/user/oneplace/opVM/lib/python3.9/site-packages/airflow/models/dag.py:1079 SADeprecationWarning: Query.value() is deprecated and will be removed in a future release.  Please use Query.with_entities() in combination with Query.scalar() (deprecated since: 1.4)
