[2022-02-25 04:08:49,514] {taskinstance.py:1037} INFO - Dependencies all met for <TaskInstance: Spotify_Song_dag.sheet_run scheduled__2022-02-25T04:08:09.835840+00:00 [queued]>
[2022-02-25 04:08:49,526] {taskinstance.py:1037} INFO - Dependencies all met for <TaskInstance: Spotify_Song_dag.sheet_run scheduled__2022-02-25T04:08:09.835840+00:00 [queued]>
[2022-02-25 04:08:49,526] {taskinstance.py:1243} INFO - 
--------------------------------------------------------------------------------
[2022-02-25 04:08:49,526] {taskinstance.py:1244} INFO - Starting attempt 1 of 2
[2022-02-25 04:08:49,526] {taskinstance.py:1245} INFO - 
--------------------------------------------------------------------------------
[2022-02-25 04:08:49,559] {taskinstance.py:1264} INFO - Executing <Task(PythonOperator): sheet_run> on 2022-02-25 04:08:09.835840+00:00
[2022-02-25 04:08:49,569] {standard_task_runner.py:76} INFO - Running: ['airflow', 'tasks', 'run', 'Spotify_Song_dag', 'sheet_run', 'scheduled__2022-02-25T04:08:09.835840+00:00', '--job-id', '157', '--raw', '--subdir', 'DAGS_FOLDER/spotify_check_dag.py', '--cfg-path', '/var/folders/nx/v6d0bskn22s742wqx2vwc_rm0000gn/T/tmpsdh3n331', '--error-file', '/var/folders/nx/v6d0bskn22s742wqx2vwc_rm0000gn/T/tmphtpr6ccv']
[2022-02-25 04:08:49,572] {standard_task_runner.py:77} INFO - Job 157: Subtask sheet_run
[2022-02-25 04:08:49,603] {standard_task_runner.py:52} INFO - Started process 12776 to run task
[2022-02-25 04:08:49,637] {logging_mixin.py:109} INFO - Running <TaskInstance: Spotify_Song_dag.sheet_run scheduled__2022-02-25T04:08:09.835840+00:00 [running]> on host Anurags-MacBook-Pro.local
[2022-02-25 04:08:49,728] {logging_mixin.py:109} WARNING - /Users/user/oneplace/opVM/lib/python3.9/site-packages/sqlalchemy/sql/coercions.py:510 SAWarning: Coercing Subquery object into a select() for use in IN(); please pass a select() construct explicitly
[2022-02-25 04:08:49,747] {taskinstance.py:1429} INFO - Exporting the following env vars:
AIRFLOW_CTX_DAG_EMAIL=airflow@example.com
AIRFLOW_CTX_DAG_OWNER=airflow
AIRFLOW_CTX_DAG_ID=Spotify_Song_dag
AIRFLOW_CTX_TASK_ID=sheet_run
AIRFLOW_CTX_EXECUTION_DATE=2022-02-25T04:08:09.835840+00:00
AIRFLOW_CTX_DAG_RUN_ID=scheduled__2022-02-25T04:08:09.835840+00:00
[2022-02-25 04:08:49,795] {__init__.py:49} INFO - file_cache is only supported with oauth2client<4.0.0
[2022-02-25 04:08:51,284] {python.py:175} INFO - Done. Returned value was: {'spreadsheetId': '1bdPEicAieaus4AWU92_Ry11f4XMiYJSncJiWh42bd28', 'updatedRange': 'spotify!A2:C351', 'updatedRows': 350, 'updatedColumns': 3, 'updatedCells': 1050}
[2022-02-25 04:08:51,333] {taskinstance.py:1272} INFO - Marking task as SUCCESS. dag_id=Spotify_Song_dag, task_id=sheet_run, execution_date=20220225T040809, start_date=20220225T040849, end_date=20220225T040851
[2022-02-25 04:08:51,399] {local_task_job.py:154} INFO - Task exited with return code 0
[2022-02-25 04:08:51,441] {local_task_job.py:264} INFO - 0 downstream tasks scheduled from follow-on schedule check
[2022-02-25 04:08:51,445] {logging_mixin.py:109} WARNING - /Users/user/oneplace/opVM/lib/python3.9/site-packages/airflow/models/dag.py:1079 SADeprecationWarning: Query.value() is deprecated and will be removed in a future release.  Please use Query.with_entities() in combination with Query.scalar() (deprecated since: 1.4)
[2022-02-25 04:08:51,463] {dagrun.py:545} INFO - Marking run <DagRun Spotify_Song_dag @ 2022-02-25 04:08:09.835840+00:00: scheduled__2022-02-25T04:08:09.835840+00:00, externally triggered: False> successful
[2022-02-25 04:08:51,464] {dagrun.py:590} INFO - DagRun Finished: dag_id=Spotify_Song_dag, execution_date=2022-02-25 04:08:09.835840+00:00, run_id=scheduled__2022-02-25T04:08:09.835840+00:00, run_start_date=2022-02-25 04:08:34.954760+00:00, run_end_date=2022-02-25 04:08:51.464245+00:00, run_duration=16.509485, state=success, external_trigger=False, run_type=scheduled, data_interval_start=2022-02-25 04:08:09.835840+00:00, data_interval_end=2022-02-25 04:08:24.835840+00:00, dag_hash=f3b1222833a577bff32cd880e61a2c3e
