[2022-02-25 03:35:15,197] {taskinstance.py:1037} INFO - Dependencies all met for <TaskInstance: Spotify_Song_dag.sheet_run scheduled__2022-02-25T03:34:42.306069+00:00 [queued]>
[2022-02-25 03:35:15,207] {taskinstance.py:1037} INFO - Dependencies all met for <TaskInstance: Spotify_Song_dag.sheet_run scheduled__2022-02-25T03:34:42.306069+00:00 [queued]>
[2022-02-25 03:35:15,207] {taskinstance.py:1243} INFO - 
--------------------------------------------------------------------------------
[2022-02-25 03:35:15,207] {taskinstance.py:1244} INFO - Starting attempt 1 of 2
[2022-02-25 03:35:15,207] {taskinstance.py:1245} INFO - 
--------------------------------------------------------------------------------
[2022-02-25 03:35:15,247] {taskinstance.py:1264} INFO - Executing <Task(PythonOperator): sheet_run> on 2022-02-25 03:34:42.306069+00:00
[2022-02-25 03:35:15,254] {standard_task_runner.py:52} INFO - Started process 12118 to run task
[2022-02-25 03:35:15,261] {standard_task_runner.py:76} INFO - Running: ['airflow', 'tasks', 'run', 'Spotify_Song_dag', 'sheet_run', 'scheduled__2022-02-25T03:34:42.306069+00:00', '--job-id', '102', '--raw', '--subdir', 'DAGS_FOLDER/spotify_check_dag.py', '--cfg-path', '/var/folders/nx/v6d0bskn22s742wqx2vwc_rm0000gn/T/tmph37b3b2n', '--error-file', '/var/folders/nx/v6d0bskn22s742wqx2vwc_rm0000gn/T/tmpwq1q8fss']
[2022-02-25 03:35:15,266] {standard_task_runner.py:77} INFO - Job 102: Subtask sheet_run
[2022-02-25 03:35:15,342] {logging_mixin.py:109} INFO - Running <TaskInstance: Spotify_Song_dag.sheet_run scheduled__2022-02-25T03:34:42.306069+00:00 [running]> on host 1.0.0.127.in-addr.arpa
[2022-02-25 03:35:15,421] {logging_mixin.py:109} WARNING - /Users/user/oneplace/opVM/lib/python3.9/site-packages/sqlalchemy/sql/coercions.py:510 SAWarning: Coercing Subquery object into a select() for use in IN(); please pass a select() construct explicitly
[2022-02-25 03:35:15,429] {taskinstance.py:1429} INFO - Exporting the following env vars:
AIRFLOW_CTX_DAG_EMAIL=airflow@example.com
AIRFLOW_CTX_DAG_OWNER=airflow
AIRFLOW_CTX_DAG_ID=Spotify_Song_dag
AIRFLOW_CTX_TASK_ID=sheet_run
AIRFLOW_CTX_EXECUTION_DATE=2022-02-25T03:34:42.306069+00:00
AIRFLOW_CTX_DAG_RUN_ID=scheduled__2022-02-25T03:34:42.306069+00:00
[2022-02-25 03:35:15,451] {__init__.py:49} INFO - file_cache is only supported with oauth2client<4.0.0
[2022-02-25 03:35:16,624] {python.py:175} INFO - Done. Returned value was: {'spreadsheetId': '1bdPEicAieaus4AWU92_Ry11f4XMiYJSncJiWh42bd28', 'updatedRange': 'spotify!A2:C63', 'updatedRows': 62, 'updatedColumns': 3, 'updatedCells': 186}
[2022-02-25 03:35:16,679] {taskinstance.py:1272} INFO - Marking task as SUCCESS. dag_id=Spotify_Song_dag, task_id=sheet_run, execution_date=20220225T033442, start_date=20220225T033515, end_date=20220225T033516
[2022-02-25 03:35:16,740] {local_task_job.py:154} INFO - Task exited with return code 0
[2022-02-25 03:35:16,774] {local_task_job.py:264} INFO - 0 downstream tasks scheduled from follow-on schedule check
[2022-02-25 03:35:16,782] {logging_mixin.py:109} WARNING - /Users/user/oneplace/opVM/lib/python3.9/site-packages/airflow/models/dag.py:1079 SADeprecationWarning: Query.value() is deprecated and will be removed in a future release.  Please use Query.with_entities() in combination with Query.scalar() (deprecated since: 1.4)
