[2022-02-25 04:07:50,997] {taskinstance.py:1037} INFO - Dependencies all met for <TaskInstance: Spotify_Song_dag.sheet_run scheduled__2022-02-25T04:07:15.836877+00:00 [queued]>
[2022-02-25 04:07:51,008] {taskinstance.py:1037} INFO - Dependencies all met for <TaskInstance: Spotify_Song_dag.sheet_run scheduled__2022-02-25T04:07:15.836877+00:00 [queued]>
[2022-02-25 04:07:51,008] {taskinstance.py:1243} INFO - 
--------------------------------------------------------------------------------
[2022-02-25 04:07:51,008] {taskinstance.py:1244} INFO - Starting attempt 1 of 2
[2022-02-25 04:07:51,008] {taskinstance.py:1245} INFO - 
--------------------------------------------------------------------------------
[2022-02-25 04:07:51,029] {taskinstance.py:1264} INFO - Executing <Task(PythonOperator): sheet_run> on 2022-02-25 04:07:15.836877+00:00
[2022-02-25 04:07:51,033] {standard_task_runner.py:52} INFO - Started process 12740 to run task
[2022-02-25 04:07:51,041] {standard_task_runner.py:76} INFO - Running: ['airflow', 'tasks', 'run', 'Spotify_Song_dag', 'sheet_run', 'scheduled__2022-02-25T04:07:15.836877+00:00', '--job-id', '149', '--raw', '--subdir', 'DAGS_FOLDER/spotify_check_dag.py', '--cfg-path', '/var/folders/nx/v6d0bskn22s742wqx2vwc_rm0000gn/T/tmpcq43hs_j', '--error-file', '/var/folders/nx/v6d0bskn22s742wqx2vwc_rm0000gn/T/tmp8eds8b7m']
[2022-02-25 04:07:51,044] {standard_task_runner.py:77} INFO - Job 149: Subtask sheet_run
[2022-02-25 04:07:51,101] {logging_mixin.py:109} INFO - Running <TaskInstance: Spotify_Song_dag.sheet_run scheduled__2022-02-25T04:07:15.836877+00:00 [running]> on host Anurags-MacBook-Pro.local
[2022-02-25 04:07:51,154] {logging_mixin.py:109} WARNING - /Users/user/oneplace/opVM/lib/python3.9/site-packages/sqlalchemy/sql/coercions.py:510 SAWarning: Coercing Subquery object into a select() for use in IN(); please pass a select() construct explicitly
[2022-02-25 04:07:51,161] {taskinstance.py:1429} INFO - Exporting the following env vars:
AIRFLOW_CTX_DAG_EMAIL=airflow@example.com
AIRFLOW_CTX_DAG_OWNER=airflow
AIRFLOW_CTX_DAG_ID=Spotify_Song_dag
AIRFLOW_CTX_TASK_ID=sheet_run
AIRFLOW_CTX_EXECUTION_DATE=2022-02-25T04:07:15.836877+00:00
AIRFLOW_CTX_DAG_RUN_ID=scheduled__2022-02-25T04:07:15.836877+00:00
[2022-02-25 04:07:51,183] {__init__.py:49} INFO - file_cache is only supported with oauth2client<4.0.0
[2022-02-25 04:07:52,204] {python.py:175} INFO - Done. Returned value was: {'spreadsheetId': '1bdPEicAieaus4AWU92_Ry11f4XMiYJSncJiWh42bd28', 'updatedRange': 'spotify!A2:C151', 'updatedRows': 150, 'updatedColumns': 3, 'updatedCells': 450}
[2022-02-25 04:07:52,244] {taskinstance.py:1272} INFO - Marking task as SUCCESS. dag_id=Spotify_Song_dag, task_id=sheet_run, execution_date=20220225T040715, start_date=20220225T040750, end_date=20220225T040752
[2022-02-25 04:07:52,286] {local_task_job.py:154} INFO - Task exited with return code 0
[2022-02-25 04:07:52,315] {local_task_job.py:264} INFO - 0 downstream tasks scheduled from follow-on schedule check
[2022-02-25 04:07:52,318] {logging_mixin.py:109} WARNING - /Users/user/oneplace/opVM/lib/python3.9/site-packages/airflow/models/dag.py:1079 SADeprecationWarning: Query.value() is deprecated and will be removed in a future release.  Please use Query.with_entities() in combination with Query.scalar() (deprecated since: 1.4)
