[2022-02-25 03:28:31,059] {taskinstance.py:1037} INFO - Dependencies all met for <TaskInstance: Spotify_Song_dag.sheet_run scheduled__2022-02-25T03:27:33.138308+00:00 [queued]>
[2022-02-25 03:28:31,070] {taskinstance.py:1037} INFO - Dependencies all met for <TaskInstance: Spotify_Song_dag.sheet_run scheduled__2022-02-25T03:27:33.138308+00:00 [queued]>
[2022-02-25 03:28:31,070] {taskinstance.py:1243} INFO - 
--------------------------------------------------------------------------------
[2022-02-25 03:28:31,070] {taskinstance.py:1244} INFO - Starting attempt 1 of 2
[2022-02-25 03:28:31,070] {taskinstance.py:1245} INFO - 
--------------------------------------------------------------------------------
[2022-02-25 03:28:31,083] {taskinstance.py:1264} INFO - Executing <Task(PythonOperator): sheet_run> on 2022-02-25 03:27:33.138308+00:00
[2022-02-25 03:28:31,087] {standard_task_runner.py:52} INFO - Started process 11922 to run task
[2022-02-25 03:28:31,093] {standard_task_runner.py:76} INFO - Running: ['airflow', 'tasks', 'run', 'Spotify_Song_dag', 'sheet_run', 'scheduled__2022-02-25T03:27:33.138308+00:00', '--job-id', '91', '--raw', '--subdir', 'DAGS_FOLDER/spotify_check_dag.py', '--cfg-path', '/var/folders/nx/v6d0bskn22s742wqx2vwc_rm0000gn/T/tmphsqox7te', '--error-file', '/var/folders/nx/v6d0bskn22s742wqx2vwc_rm0000gn/T/tmp69abyrt3']
[2022-02-25 03:28:31,096] {standard_task_runner.py:77} INFO - Job 91: Subtask sheet_run
[2022-02-25 03:28:31,158] {logging_mixin.py:109} INFO - Running <TaskInstance: Spotify_Song_dag.sheet_run scheduled__2022-02-25T03:27:33.138308+00:00 [running]> on host Anurags-MacBook-Pro.local
[2022-02-25 03:28:31,209] {taskinstance.py:1429} INFO - Exporting the following env vars:
AIRFLOW_CTX_DAG_EMAIL=airflow@example.com
AIRFLOW_CTX_DAG_OWNER=airflow
AIRFLOW_CTX_DAG_ID=Spotify_Song_dag
AIRFLOW_CTX_TASK_ID=sheet_run
AIRFLOW_CTX_EXECUTION_DATE=2022-02-25T03:27:33.138308+00:00
AIRFLOW_CTX_DAG_RUN_ID=scheduled__2022-02-25T03:27:33.138308+00:00
[2022-02-25 03:28:31,222] {__init__.py:49} INFO - file_cache is only supported with oauth2client<4.0.0
[2022-02-25 03:28:32,307] {python.py:175} INFO - Done. Returned value was: {'spreadsheetId': '1bdPEicAieaus4AWU92_Ry11f4XMiYJSncJiWh42bd28', 'updatedRange': 'spotify!A2:C63', 'updatedRows': 62, 'updatedColumns': 3, 'updatedCells': 186}
[2022-02-25 03:28:32,326] {taskinstance.py:1272} INFO - Marking task as SUCCESS. dag_id=Spotify_Song_dag, task_id=sheet_run, execution_date=20220225T032733, start_date=20220225T032831, end_date=20220225T032832
[2022-02-25 03:28:32,372] {local_task_job.py:154} INFO - Task exited with return code 0
[2022-02-25 03:28:32,417] {local_task_job.py:264} INFO - 0 downstream tasks scheduled from follow-on schedule check
